\BOOKMARK [0][-]{chapter.1}{\376\377\0001\000\040\000S\000i\000s\000t\000e\000m\000i\000\040\000O\000p\000e\000r\000a\000t\000i\000v\000i}{}% 1
\BOOKMARK [1][-]{section.1.1}{\376\377\0001\000.\0001\000\040\000S\000t\000r\000u\000t\000t\000u\000r\000a\000\040\000e\000\040\000O\000r\000g\000a\000n\000i\000z\000z\000a\000z\000i\000o\000n\000e\000\040\000d\000e\000l\000\040\000S\000i\000s\000t\000e\000m\000a\000\040\000O\000p\000e\000r\000a\000t\000i\000v\000o}{chapter.1}% 2
\BOOKMARK [2][-]{subsection.1.1.1}{\376\377\0001\000.\0001\000.\0001\000\040\000C\000o\000m\000p\000o\000n\000e\000n\000t\000i\000\040\000P\000r\000i\000n\000c\000i\000p\000a\000l\000i}{section.1.1}% 3
\BOOKMARK [2][-]{subsection.1.1.2}{\376\377\0001\000.\0001\000.\0002\000\040\000M\000o\000d\000e\000l\000l\000i\000\040\000d\000i\000\040\000S\000i\000s\000t\000e\000m\000i\000\040\000O\000p\000e\000r\000a\000t\000i\000v\000i}{section.1.1}% 4
\BOOKMARK [1][-]{section.1.2}{\376\377\0001\000.\0002\000\040\000S\000c\000h\000e\000d\000u\000l\000i\000n\000g\000\040\000d\000e\000l\000l\000a\000\040\000C\000P\000U}{chapter.1}% 5
\BOOKMARK [2][-]{subsection.1.2.1}{\376\377\0001\000.\0002\000.\0001\000\040\000P\000r\000i\000n\000c\000i\000p\000a\000l\000i\000\040\000P\000r\000o\000b\000l\000e\000m\000a\000t\000i\000c\000h\000e\000\040\000d\000e\000l\000l\000o\000\040\000S\000c\000h\000e\000d\000u\000l\000i\000n\000g}{section.1.2}% 6
\BOOKMARK [2][-]{subsection.1.2.2}{\376\377\0001\000.\0002\000.\0002\000\040\000E\000s\000e\000m\000p\000i\000\040\000d\000i\000\040\000A\000l\000g\000o\000r\000i\000t\000m\000i\000\040\000d\000i\000\040\000S\000c\000h\000e\000d\000u\000l\000i\000n\000g}{section.1.2}% 7
\BOOKMARK [0][-]{chapter.2}{\376\377\0002\000\040\000B\000a\000s\000i\000\040\000d\000i\000\040\000D\000a\000t\000i}{}% 8
\BOOKMARK [1][-]{section.2.1}{\376\377\0002\000.\0001\000\040\000M\000o\000d\000e\000l\000l\000o\000\040\000C\000o\000n\000c\000e\000t\000t\000u\000a\000l\000e\000\040\000E\000n\000t\000i\000t\000\340\000-\000R\000e\000l\000a\000z\000i\000o\000n\000e\000\040\000\050\000E\000R\000\051}{chapter.2}% 9
\BOOKMARK [2][-]{subsection.2.1.1}{\376\377\0002\000.\0001\000.\0001\000\040\000C\000o\000m\000p\000o\000n\000e\000n\000t\000i\000\040\000B\000a\000s\000e\000\040\000e\000\040\000R\000a\000p\000p\000r\000e\000s\000e\000n\000t\000a\000z\000i\000o\000n\000e\000\040\000G\000r\000a\000f\000i\000c\000a}{section.2.1}% 10
\BOOKMARK [2][-]{subsection.2.1.2}{\376\377\0002\000.\0001\000.\0002\000\040\000D\000e\000t\000t\000a\000g\000l\000i\000\040\000d\000e\000g\000l\000i\000\040\000A\000t\000t\000r\000i\000b\000u\000t\000i\000\040\000e\000\040\000I\000d\000e\000n\000t\000i\000f\000i\000c\000a\000t\000o\000r\000i}{section.2.1}% 11
\BOOKMARK [2][-]{subsection.2.1.3}{\376\377\0002\000.\0001\000.\0003\000\040\000D\000e\000t\000t\000a\000g\000l\000i\000\040\000d\000e\000l\000l\000e\000\040\000R\000e\000l\000a\000z\000i\000o\000n\000i\000\040\000e\000\040\000C\000a\000r\000d\000i\000n\000a\000l\000i\000t\000\340}{section.2.1}% 12
\BOOKMARK [2][-]{subsection.2.1.4}{\376\377\0002\000.\0001\000.\0004\000\040\000G\000e\000n\000e\000r\000a\000l\000i\000z\000z\000a\000z\000i\000o\000n\000e\000\040\000n\000e\000l\000\040\000M\000o\000d\000e\000l\000l\000o\000\040\000E\000R}{section.2.1}% 13
\BOOKMARK [2][-]{subsection.2.1.5}{\376\377\0002\000.\0001\000.\0005\000\040\000E\000s\000e\000m\000p\000i\000\040\000C\000o\000m\000p\000l\000e\000s\000s\000i\000\040\000d\000i\000\040\000S\000c\000h\000e\000m\000i\000\040\000E\000R}{section.2.1}% 14
\BOOKMARK [2][-]{subsection.2.1.6}{\376\377\0002\000.\0001\000.\0006\000\040\000E\000s\000e\000m\000p\000i\000\040\000C\000o\000m\000p\000l\000e\000s\000s\000i\000\040\000d\000i\000\040\000S\000c\000h\000e\000m\000i\000\040\000E\000R}{section.2.1}% 15
\BOOKMARK [1][-]{section.2.2}{\376\377\0002\000.\0002\000\040\000P\000r\000o\000g\000e\000t\000t\000a\000z\000i\000o\000n\000e\000\040\000L\000o\000g\000i\000c\000a\000:\000\040\000N\000o\000r\000m\000a\000l\000i\000z\000z\000a\000z\000i\000o\000n\000e\000\040\000e\000\040\000F\000o\000r\000m\000e\000\040\000N\000o\000r\000m\000a\000l\000i}{chapter.2}% 16
\BOOKMARK [2][-]{subsection.2.2.1}{\376\377\0002\000.\0002\000.\0001\000\040\000O\000b\000i\000e\000t\000t\000i\000v\000i\000\040\000d\000e\000l\000l\000a\000\040\000N\000o\000r\000m\000a\000l\000i\000z\000z\000a\000z\000i\000o\000n\000e}{section.2.2}% 17
\BOOKMARK [2][-]{subsection.2.2.2}{\376\377\0002\000.\0002\000.\0002\000\040\000P\000r\000i\000n\000c\000i\000p\000a\000l\000i\000\040\000F\000o\000r\000m\000e\000\040\000N\000o\000r\000m\000a\000l\000i}{section.2.2}% 18
\BOOKMARK [2][-]{subsection.2.2.3}{\376\377\0002\000.\0002\000.\0003\000\040\000L\000i\000n\000g\000u\000a\000g\000g\000i\000o\000\040\000S\000Q\000L}{section.2.2}% 19
\BOOKMARK [0][-]{chapter.3}{\376\377\0003\000\040\000R\000e\000t\000i\000\040\000d\000i\000\040\000C\000a\000l\000c\000o\000l\000a\000t\000o\000r\000i}{}% 20
\BOOKMARK [1][-]{section.3.1}{\376\377\0003\000.\0001\000\040\000M\000o\000d\000e\000l\000l\000o\000\040\000d\000i\000\040\000C\000o\000m\000u\000n\000i\000c\000a\000z\000i\000o\000n\000e\000\040\000C\000l\000i\000e\000n\000t\000/\000S\000e\000r\000v\000e\000r}{chapter.3}% 21
\BOOKMARK [2][-]{subsection.3.1.1}{\376\377\0003\000.\0001\000.\0001\000\040\000F\000u\000n\000z\000i\000o\000n\000a\000m\000e\000n\000t\000o\000\040\000d\000e\000l\000\040\000M\000o\000d\000e\000l\000l\000o\000\040\000C\000l\000i\000e\000n\000t\000/\000S\000e\000r\000v\000e\000r}{section.3.1}% 22
\BOOKMARK [2][-]{subsection.3.1.2}{\376\377\0003\000.\0001\000.\0002\000\040\000V\000a\000n\000t\000a\000g\000g\000i\000\040\000e\000\040\000S\000v\000a\000n\000t\000a\000g\000g\000i\000\040\000d\000e\000l\000\040\000M\000o\000d\000e\000l\000l\000o\000\040\000C\000l\000i\000e\000n\000t\000/\000S\000e\000r\000v\000e\000r}{section.3.1}% 23
\BOOKMARK [1][-]{section.3.2}{\376\377\0003\000.\0002\000\040\000P\000r\000o\000t\000o\000c\000o\000l\000l\000o\000\040\000H\000T\000T\000P}{chapter.3}% 24
\BOOKMARK [2][-]{subsection.3.2.1}{\376\377\0003\000.\0002\000.\0001\000\040\000F\000u\000n\000z\000i\000o\000n\000a\000m\000e\000n\000t\000o\000\040\000e\000\040\000A\000p\000p\000l\000i\000c\000a\000z\000i\000o\000n\000e\000\040\000i\000n\000\040\000H\000T\000T\000P}{section.3.2}% 25
\BOOKMARK [2][-]{subsection.3.2.2}{\376\377\0003\000.\0002\000.\0002\000\040\000C\000o\000n\000n\000e\000s\000s\000i\000o\000n\000i\000\040\000S\000t\000a\000t\000e\000l\000e\000s\000s\000\040\000e\000\040\000S\000t\000a\000t\000e\000f\000u\000l}{section.3.2}% 26
\BOOKMARK [2][-]{subsection.3.2.3}{\376\377\0003\000.\0002\000.\0003\000\040\000M\000e\000t\000o\000d\000i\000\040\000p\000e\000r\000\040\000G\000e\000s\000t\000i\000r\000e\000\040\000l\000a\000\040\000P\000e\000r\000s\000i\000s\000t\000e\000n\000z\000a\000\040\000d\000e\000l\000l\000o\000\040\000S\000t\000a\000t\000o\000\040\000i\000n\000\040\000H\000T\000T\000P}{section.3.2}% 27
\BOOKMARK [1][-]{section.3.3}{\376\377\0003\000.\0003\000\040\000S\000t\000a\000n\000d\000a\000r\000d\000\040\000I\000S\000O\000/\000O\000S\000I}{chapter.3}% 28
\BOOKMARK [2][-]{subsection.3.3.1}{\376\377\0003\000.\0003\000.\0001\000\040\000S\000t\000r\000u\000t\000t\000u\000r\000a\000\040\000a\000\040\000S\000e\000t\000t\000e\000\040\000S\000t\000r\000a\000t\000i\000\040\000d\000e\000l\000\040\000M\000o\000d\000e\000l\000l\000o\000\040\000O\000S\000I}{section.3.3}% 29
\BOOKMARK [1][-]{section.3.4}{\376\377\0003\000.\0004\000\040\000L\000i\000v\000e\000l\000l\000o\000\040\000d\000i\000\040\000T\000r\000a\000s\000p\000o\000r\000t\000o\000\040\000\050\000T\000C\000P\000\040\000v\000s\000\040\000U\000D\000P\000\051}{chapter.3}% 30
\BOOKMARK [2][-]{subsection.3.4.1}{\376\377\0003\000.\0004\000.\0001\000\040\000T\000C\000P\000\040\000\050\000T\000r\000a\000n\000s\000m\000i\000s\000s\000i\000o\000n\000\040\000C\000o\000n\000t\000r\000o\000l\000\040\000P\000r\000o\000t\000o\000c\000o\000l\000\051}{section.3.4}% 31
\BOOKMARK [2][-]{subsection.3.4.2}{\376\377\0003\000.\0004\000.\0002\000\040\000U\000D\000P\000\040\000\050\000U\000s\000e\000r\000\040\000D\000a\000t\000a\000g\000r\000a\000m\000\040\000P\000r\000o\000t\000o\000c\000o\000l\000\051}{section.3.4}% 32
\BOOKMARK [0][-]{chapter.4}{\376\377\0004\000\040\000P\000r\000o\000g\000r\000a\000m\000m\000a\000z\000i\000o\000n\000e\000\040\000O\000r\000i\000e\000n\000t\000a\000t\000a\000\040\000a\000g\000l\000i\000\040\000O\000g\000g\000e\000t\000t\000i\000\040\000\050\000e\000\040\000F\000o\000n\000d\000a\000m\000e\000n\000t\000i\000\051}{}% 33
\BOOKMARK [1][-]{section.4.1}{\376\377\0004\000.\0001\000\040\000C\000o\000n\000c\000e\000t\000t\000i\000\040\000B\000a\000s\000e\000\040\000d\000e\000l\000l\000a\000\040\000P\000r\000o\000g\000r\000a\000m\000m\000a\000z\000i\000o\000n\000e\000\040\000O\000r\000i\000e\000n\000t\000a\000t\000a\000\040\000a\000g\000l\000i\000\040\000O\000g\000g\000e\000t\000t\000i\000\040\000\050\000P\000O\000O\000\051}{chapter.4}% 34
\BOOKMARK [1][-]{section.4.2}{\376\377\0004\000.\0002\000\040\000S\000t\000r\000u\000t\000t\000u\000r\000e\000\040\000D\000a\000t\000i\000\040\000A\000s\000t\000r\000a\000t\000t\000e\000\040\000\050\000A\000D\000T\000\051\000\040\000e\000\040\000F\000o\000n\000d\000a\000m\000e\000n\000t\000a\000l\000i\000\040\000d\000i\000\040\000P\000r\000o\000g\000r\000a\000m\000m\000a\000z\000i\000o\000n\000e}{chapter.4}% 35
\BOOKMARK [2][-]{subsection.4.2.1}{\376\377\0004\000.\0002\000.\0001\000\040\000A\000b\000s\000t\000r\000a\000c\000t\000\040\000D\000a\000t\000a\000\040\000T\000y\000p\000e\000\040\000\050\000A\000D\000T\000\051}{section.4.2}% 36
\BOOKMARK [2][-]{subsection.4.2.2}{\376\377\0004\000.\0002\000.\0002\000\040\000P\000a\000s\000s\000a\000g\000g\000i\000o\000\040\000d\000i\000\040\000P\000a\000r\000a\000m\000e\000t\000r\000i\000\040\000n\000e\000l\000l\000e\000\040\000C\000h\000i\000a\000m\000a\000t\000e\000\040\000d\000i\000\040\000F\000u\000n\000z\000i\000o\000n\000e}{section.4.2}% 37
\BOOKMARK [2][-]{subsection.4.2.3}{\376\377\0004\000.\0002\000.\0003\000\040\000O\000v\000e\000r\000l\000o\000a\000d\000i\000n\000g\000\040\000d\000i\000\040\000F\000u\000n\000z\000i\000o\000n\000i\000\040\000\050\000o\000\040\000M\000e\000t\000o\000d\000i\000\051}{section.4.2}% 38
\BOOKMARK [1][-]{section.4.3}{\376\377\0004\000.\0003\000\040\000L\000i\000n\000g\000u\000a\000g\000g\000i\000\040\000C\000o\000m\000p\000i\000l\000a\000t\000i\000\040\000e\000\040\000L\000i\000n\000g\000u\000a\000g\000g\000i\000\040\000I\000n\000t\000e\000r\000p\000r\000e\000t\000a\000t\000i}{chapter.4}% 39
\BOOKMARK [2][-]{subsection.4.3.1}{\376\377\0004\000.\0003\000.\0001\000\040\000L\000i\000n\000g\000u\000a\000g\000g\000i\000\040\000C\000o\000m\000p\000i\000l\000a\000t\000i}{section.4.3}% 40
\BOOKMARK [2][-]{subsection.4.3.2}{\376\377\0004\000.\0003\000.\0002\000\040\000L\000i\000n\000g\000u\000a\000g\000g\000i\000\040\000I\000n\000t\000e\000r\000p\000r\000e\000t\000a\000t\000i}{section.4.3}% 41
\BOOKMARK [1][-]{section.4.4}{\376\377\0004\000.\0004\000\040\000A\000l\000g\000o\000r\000i\000t\000m\000i\000\040\000e\000\040\000C\000o\000m\000p\000l\000e\000s\000s\000i\000t\000\340\000\040\000C\000o\000m\000p\000u\000t\000a\000z\000i\000o\000n\000a\000l\000e}{chapter.4}% 42
\BOOKMARK [2][-]{subsection.4.4.1}{\376\377\0004\000.\0004\000.\0001\000\040\000C\000o\000m\000p\000l\000e\000s\000s\000i\000t\000\340\000\040\000T\000e\000m\000p\000o\000r\000a\000l\000e}{section.4.4}% 43
\BOOKMARK [2][-]{subsection.4.4.2}{\376\377\0004\000.\0004\000.\0002\000\040\000C\000o\000m\000p\000l\000e\000s\000s\000i\000t\000\340\000\040\000S\000p\000a\000z\000i\000a\000l\000e}{section.4.4}% 44
\BOOKMARK [0][-]{chapter.5}{\376\377\0005\000\040\000P\000r\000o\000g\000e\000t\000t\000a\000z\000i\000o\000n\000e\000\040\000d\000e\000l\000\040\000S\000o\000f\000t\000w\000a\000r\000e}{}% 45
\BOOKMARK [1][-]{section.5.1}{\376\377\0005\000.\0001\000\040\000A\000n\000a\000l\000i\000s\000i\000\040\000d\000e\000i\000\040\000R\000e\000q\000u\000i\000s\000i\000t\000i}{chapter.5}% 46
\BOOKMARK [2][-]{subsection.5.1.1}{\376\377\0005\000.\0001\000.\0001\000\040\000T\000i\000p\000i\000\040\000d\000i\000\040\000R\000e\000q\000u\000i\000s\000i\000t\000i}{section.5.1}% 47
\BOOKMARK [2][-]{subsection.5.1.2}{\376\377\0005\000.\0001\000.\0002\000\040\000D\000i\000a\000g\000r\000a\000m\000m\000i\000\040\000d\000i\000\040\000C\000a\000s\000i\000\040\000d\000'\000U\000s\000o\000\040\000U\000M\000L\000\040\000\050\000U\000s\000e\000\040\000C\000a\000s\000e\000\040\000D\000i\000a\000g\000r\000a\000m\000s\000\051}{section.5.1}% 48
\BOOKMARK [1][-]{section.5.2}{\376\377\0005\000.\0002\000\040\000P\000r\000o\000g\000e\000t\000t\000a\000z\000i\000o\000n\000e\000\040\000d\000e\000l\000l\000'\000A\000r\000c\000h\000i\000t\000e\000t\000t\000u\000r\000a\000\040\000d\000e\000l\000\040\000S\000i\000s\000t\000e\000m\000a\000\040\000S\000o\000f\000t\000w\000a\000r\000e}{chapter.5}% 49
\BOOKMARK [2][-]{subsection.5.2.1}{\376\377\0005\000.\0002\000.\0001\000\040\000D\000e\000s\000i\000g\000n\000\040\000P\000a\000t\000t\000e\000r\000n\000s\000\040\000\050\000P\000a\000t\000t\000e\000r\000n\000\040\000A\000r\000c\000h\000i\000t\000e\000t\000t\000u\000r\000a\000l\000i\000\040\000e\000\040\000d\000i\000\040\000P\000r\000o\000g\000e\000t\000t\000a\000z\000i\000o\000n\000e\000\051}{section.5.2}% 50
\BOOKMARK [2][-]{subsection.5.2.2}{\376\377\0005\000.\0002\000.\0002\000\040\000D\000i\000a\000g\000r\000a\000m\000m\000i\000\040\000U\000M\000L\000\040\000\050\000U\000n\000i\000f\000i\000e\000d\000\040\000M\000o\000d\000e\000l\000i\000n\000g\000\040\000L\000a\000n\000g\000u\000a\000g\000e\000\051}{section.5.2}% 51
\BOOKMARK [0][-]{chapter.6}{\376\377\0006\000\040\000E\000l\000e\000t\000t\000r\000o\000n\000i\000c\000a}{}% 52
\BOOKMARK [1][-]{section.6.1}{\376\377\0006\000.\0001\000\040\000T\000r\000a\000n\000s\000i\000s\000t\000o\000r\000e\000\040\000M\000O\000S\000\040\000\050\000M\000e\000t\000a\000l\000-\000O\000x\000i\000d\000e\000-\000S\000e\000m\000i\000c\000o\000n\000d\000u\000c\000t\000o\000r\000\040\000F\000i\000e\000l\000d\000-\000E\000f\000f\000e\000c\000t\000\040\000T\000r\000a\000n\000s\000i\000s\000t\000o\000r\000\051}{chapter.6}% 53
\BOOKMARK [2][-]{subsection.6.1.1}{\376\377\0006\000.\0001\000.\0001\000\040\000S\000t\000r\000u\000t\000t\000u\000r\000a\000\040\000d\000e\000l\000\040\000T\000r\000a\000n\000s\000i\000s\000t\000o\000r\000e\000\040\000M\000O\000S\000\040\000\050\000n\000M\000O\000S\000\051}{section.6.1}% 54
\BOOKMARK [2][-]{subsection.6.1.2}{\376\377\0006\000.\0001\000.\0002\000\040\000P\000r\000i\000n\000c\000i\000p\000i\000o\000\040\000d\000i\000\040\000F\000u\000n\000z\000i\000o\000n\000a\000m\000e\000n\000t\000o\000\040\000\050\000n\000M\000O\000S\000\051}{section.6.1}% 55
\BOOKMARK [2][-]{subsection.6.1.3}{\376\377\0006\000.\0001\000.\0003\000\040\000R\000e\000g\000i\000m\000i\000\040\000d\000i\000\040\000F\000u\000n\000z\000i\000o\000n\000a\000m\000e\000n\000t\000o\000\040\000\050\000p\000e\000r\000\040\000n\000M\000O\000S\000\040\000c\000o\000n\000\040\000V\000G\000S\000\040\000>\000\040\000V\000T\000H\000\051}{section.6.1}% 56
\BOOKMARK [2][-]{subsection.6.1.4}{\376\377\0006\000.\0001\000.\0004\000\040\000V\000a\000n\000t\000a\000g\000g\000i\000\040\000d\000e\000l\000\040\000M\000O\000S\000\040\000r\000i\000s\000p\000e\000t\000t\000o\000\040\000a\000l\000\040\000T\000r\000a\000n\000s\000i\000s\000t\000o\000r\000e\000\040\000B\000i\000p\000o\000l\000a\000r\000e\000\040\000\050\000B\000J\000T\000\051}{section.6.1}% 57
\BOOKMARK [1][-]{section.6.2}{\376\377\0006\000.\0002\000\040\000C\000i\000r\000c\000u\000i\000t\000i\000\040\000C\000M\000O\000S\000\040\000\050\000C\000o\000m\000p\000l\000e\000m\000e\000n\000t\000a\000r\000y\000\040\000M\000O\000S\000\051}{chapter.6}% 58
\BOOKMARK [2][-]{subsection.6.2.1}{\376\377\0006\000.\0002\000.\0001\000\040\000I\000n\000v\000e\000r\000t\000i\000t\000o\000r\000e\000\040\000C\000M\000O\000S}{section.6.2}% 59
\BOOKMARK [2][-]{subsection.6.2.2}{\376\377\0006\000.\0002\000.\0002\000\040\000V\000a\000n\000t\000a\000g\000g\000i\000\040\000d\000e\000l\000l\000'\000I\000n\000v\000e\000r\000t\000i\000t\000o\000r\000e\000\040\000C\000M\000O\000S\000\040\000r\000i\000s\000p\000e\000t\000t\000o\000\040\000a\000g\000l\000i\000\040\000I\000n\000v\000e\000r\000t\000i\000t\000o\000r\000i\000\040\000c\000o\000n\000\040\000C\000a\000r\000i\000c\000o\000\040\000R\000e\000s\000i\000s\000t\000i\000v\000o}{section.6.2}% 60
\BOOKMARK [2][-]{subsection.6.2.3}{\376\377\0006\000.\0002\000.\0003\000\040\000A\000p\000p\000l\000i\000c\000a\000z\000i\000o\000n\000i\000\040\000N\000o\000t\000e\000v\000o\000l\000i\000\040\000d\000e\000l\000l\000'\000I\000n\000v\000e\000r\000t\000i\000t\000o\000r\000e\000\040\000C\000M\000O\000S}{section.6.2}% 61
\BOOKMARK [0][-]{chapter.7}{\376\377\0007\000\040\000S\000i\000s\000t\000e\000m\000i\000\040\000N\000u\000m\000e\000r\000i\000c\000i}{}% 62
\BOOKMARK [1][-]{section.7.1}{\376\377\0007\000.\0001\000\040\000R\000a\000p\000p\000r\000e\000s\000e\000n\000t\000a\000z\000i\000o\000n\000e\000\040\000p\000e\000r\000\040\000N\000u\000m\000e\000r\000i\000\040\000I\000n\000t\000e\000r\000i}{chapter.7}% 63
\BOOKMARK [2][-]{subsection.7.1.1}{\376\377\0007\000.\0001\000.\0001\000\040\000C\000o\000m\000p\000l\000e\000m\000e\000n\000t\000o\000\040\000a\000\040\000D\000u\000e}{section.7.1}% 64
\BOOKMARK [1][-]{section.7.2}{\376\377\0007\000.\0002\000\040\000O\000p\000e\000r\000a\000z\000i\000o\000n\000i\000\040\000A\000r\000i\000t\000m\000e\000t\000i\000c\000h\000e\000\040\000c\000o\000n\000\040\000C\000o\000m\000p\000l\000e\000m\000e\000n\000t\000o\000\040\000a\000\040\000D\000u\000e}{chapter.7}% 65
\BOOKMARK [2][-]{subsection.7.2.1}{\376\377\0007\000.\0002\000.\0001\000\040\000A\000d\000d\000i\000z\000i\000o\000n\000e}{section.7.2}% 66
\BOOKMARK [2][-]{subsection.7.2.2}{\376\377\0007\000.\0002\000.\0002\000\040\000S\000o\000t\000t\000r\000a\000z\000i\000o\000n\000e}{section.7.2}% 67
\BOOKMARK [2][-]{subsection.7.2.3}{\376\377\0007\000.\0002\000.\0003\000\040\000O\000v\000e\000r\000f\000l\000o\000w}{section.7.2}% 68
